[2026-02-28T01:33:00.431+0000] {taskinstance.py:1979} INFO - Dependencies all met for dep_context=non-requeueable deps ti=<TaskInstance: redshift_smoke_test.test_redshift_connection manual__2026-02-28T01:32:59.250328+00:00 [queued]>
[2026-02-28T01:33:00.434+0000] {taskinstance.py:1979} INFO - Dependencies all met for dep_context=requeueable deps ti=<TaskInstance: redshift_smoke_test.test_redshift_connection manual__2026-02-28T01:32:59.250328+00:00 [queued]>
[2026-02-28T01:33:00.435+0000] {taskinstance.py:2193} INFO - Starting attempt 1 of 1
[2026-02-28T01:33:00.440+0000] {taskinstance.py:2217} INFO - Executing <Task(PostgresOperator): test_redshift_connection> on 2026-02-28 01:32:59.250328+00:00
[2026-02-28T01:33:00.442+0000] {standard_task_runner.py:60} INFO - Started process 344 to run task
[2026-02-28T01:33:00.444+0000] {standard_task_runner.py:87} INFO - Running: ['***', 'tasks', 'run', 'redshift_smoke_test', 'test_redshift_connection', 'manual__2026-02-28T01:32:59.250328+00:00', '--job-id', '3', '--raw', '--subdir', 'DAGS_FOLDER/redshift_smoke_test.py', '--cfg-path', '/tmp/tmpuupnl8pq']
[2026-02-28T01:33:00.445+0000] {standard_task_runner.py:88} INFO - Job 3: Subtask test_redshift_connection
[2026-02-28T01:33:00.468+0000] {task_command.py:423} INFO - Running <TaskInstance: redshift_smoke_test.test_redshift_connection manual__2026-02-28T01:32:59.250328+00:00 [running]> on host 24b49123780c
[2026-02-28T01:33:00.507+0000] {taskinstance.py:2513} INFO - Exporting env vars: AIRFLOW_CTX_DAG_OWNER='***' AIRFLOW_CTX_DAG_ID='redshift_smoke_test' AIRFLOW_CTX_TASK_ID='test_redshift_connection' AIRFLOW_CTX_EXECUTION_DATE='2026-02-28T01:32:59.250328+00:00' AIRFLOW_CTX_TRY_NUMBER='1' AIRFLOW_CTX_DAG_RUN_ID='manual__2026-02-28T01:32:59.250328+00:00'
[2026-02-28T01:33:00.508+0000] {sql.py:276} INFO - Executing: SELECT current_user, current_database, current_timestamp;
[2026-02-28T01:33:00.516+0000] {taskinstance.py:2731} ERROR - Task failed with exception
Traceback (most recent call last):
  File "/home/airflow/.local/lib/python3.8/site-packages/airflow/models/taskinstance.py", line 444, in _execute_task
    result = _execute_callable(context=context, **execute_callable_kwargs)
  File "/home/airflow/.local/lib/python3.8/site-packages/airflow/models/taskinstance.py", line 414, in _execute_callable
    return execute_callable(context=context, **execute_callable_kwargs)
  File "/home/airflow/.local/lib/python3.8/site-packages/airflow/providers/common/sql/operators/sql.py", line 277, in execute
    hook = self.get_db_hook()
  File "/home/airflow/.local/lib/python3.8/site-packages/airflow/providers/common/sql/operators/sql.py", line 188, in get_db_hook
    return self._hook
  File "/usr/local/lib/python3.8/functools.py", line 967, in __get__
    val = self.func(instance)
  File "/home/airflow/.local/lib/python3.8/site-packages/airflow/providers/common/sql/operators/sql.py", line 150, in _hook
    conn = BaseHook.get_connection(conn_id)
  File "/home/airflow/.local/lib/python3.8/site-packages/airflow/hooks/base.py", line 82, in get_connection
    conn = Connection.get_connection_from_secrets(conn_id)
  File "/home/airflow/.local/lib/python3.8/site-packages/airflow/models/connection.py", line 514, in get_connection_from_secrets
    raise AirflowNotFoundException(f"The conn_id `{conn_id}` isn't defined")
airflow.exceptions.AirflowNotFoundException: The conn_id `redshift_default` isn't defined
[2026-02-28T01:33:00.519+0000] {taskinstance.py:1149} INFO - Marking task as FAILED. dag_id=redshift_smoke_test, task_id=test_redshift_connection, execution_date=20260228T013259, start_date=20260228T013300, end_date=20260228T013300
[2026-02-28T01:33:00.524+0000] {standard_task_runner.py:107} ERROR - Failed to execute job 3 for task test_redshift_connection (The conn_id `redshift_default` isn't defined; 344)
[2026-02-28T01:33:00.544+0000] {local_task_job_runner.py:234} INFO - Task exited with return code 1
[2026-02-28T01:33:00.553+0000] {taskinstance.py:3312} INFO - 0 downstream tasks scheduled from follow-on schedule check
